Using pre-set license
Built from '2020.3/staging' branch; Version is '2020.3.4f1 (0abb6314276a) revision 703331'; Using compiler version '192528614'; Build Type 'Release'
OS: 'Windows 10 Home; OS build 19042.985; Version 2009; 64bit' Language: 'en' Physical Memory: 32624 MB
BatchMode: 1, IsHumanControllingUs: 0, StartBugReporterOnCrash: 0, Is64bit: 1, IsPro: 0

 COMMAND LINE ARGUMENTS:
C:\Program Files\Unity\Hub\Editor\2020.3.4f1\Editor\Unity.exe
-adb2
-batchMode
-noUpm
-name
AssetImportWorker0
-projectPath
C:/Users/Ed/Desktop/GAME ENGINE BASICS ALL/Game Engine Basics Abends - Leon/E_Akkus - Copy
-logFile
Logs/AssetImportWorker0.log
-srvPort
57373
Successfully changed project path to: C:/Users/Ed/Desktop/GAME ENGINE BASICS ALL/Game Engine Basics Abends - Leon/E_Akkus - Copy
C:/Users/Ed/Desktop/GAME ENGINE BASICS ALL/Game Engine Basics Abends - Leon/E_Akkus - Copy
Using Asset Import Pipeline V2.
Refreshing native plugins compatible for Editor in 38.59 ms, found 1 plugins.
Preloading 0 native plugins for Editor in 0.00 ms.
Initialize engine version: 2020.3.4f1 (0abb6314276a)
[Subsystems] Discovering subsystems at path C:/Program Files/Unity/Hub/Editor/2020.3.4f1/Editor/Data/Resources/UnitySubsystems
[Subsystems] Discovering subsystems at path C:/Users/Ed/Desktop/GAME ENGINE BASICS ALL/Game Engine Basics Abends - Leon/E_Akkus - Copy/Assets
GfxDevice: creating device client; threaded=0
Direct3D:
    Version:  Direct3D 11.0 [level 11.1]
    Renderer: NVIDIA GeForce RTX 3070 (ID=0x2484)
    Vendor:   
    VRAM:     8043 MB
    Driver:   27.21.14.6611
Initialize mono
Mono path[0] = 'C:/Program Files/Unity/Hub/Editor/2020.3.4f1/Editor/Data/Managed'
Mono path[1] = 'C:/Program Files/Unity/Hub/Editor/2020.3.4f1/Editor/Data/MonoBleedingEdge/lib/mono/unityjit'
Mono config path = 'C:/Program Files/Unity/Hub/Editor/2020.3.4f1/Editor/Data/MonoBleedingEdge/etc'
Using monoOptions --debugger-agent=transport=dt_socket,embedding=1,server=y,suspend=n,address=127.0.0.1:56140
Begin MonoManager ReloadAssembly
Registering precompiled unity dll's ...
Register platform support module: C:/Program Files/Unity/Hub/Editor/2020.3.4f1/Editor/Data/PlaybackEngines/WindowsStandaloneSupport/UnityEditor.WindowsStandalone.Extensions.dll
Registered in 0.001383 seconds.
Native extension for WindowsStandalone target not found
Refreshing native plugins compatible for Editor in 38.97 ms, found 1 plugins.
Preloading 0 native plugins for Editor in 0.00 ms.
Mono: successfully reloaded assembly
- Completed reload, in  0.912 seconds
Platform modules already initialized, skipping
Registering precompiled user dll's ...
Registered in 0.000715 seconds.
Begin MonoManager ReloadAssembly
Native extension for WindowsStandalone target not found
Refreshing native plugins compatible for Editor in 39.83 ms, found 1 plugins.
Preloading 0 native plugins for Editor in 0.00 ms.
Mono: successfully reloaded assembly
- Completed reload, in  0.830 seconds
Platform modules already initialized, skipping
========================================================================
Worker process is ready to serve import requests
Launched and connected shader compiler UnityShaderCompiler.exe after 0.03 seconds
Refreshing native plugins compatible for Editor in 0.36 ms, found 1 plugins.
Preloading 0 native plugins for Editor in 0.00 ms.
Unloading 1974 Unused Serialized files (Serialized files now loaded: 0)
System memory in use before: 93.2 MB.
System memory in use after: 93.2 MB.

Unloading 21 unused Assets to reduce memory usage. Loaded Objects now: 2423.
Total: 1.736600 ms (FindLiveObjects: 0.184900 ms CreateObjectMapping: 0.094500 ms MarkObjects: 1.343200 ms  DeleteObjects: 0.113000 ms)

========================================================================
Received Import Request.
  path: Assets/Scripts/TextureScroll.cs
  artifactKey: Guid(6e5072950f49a5b46a9db4bf8f2f77a1) Importer(815301076,1909f56bfc062723c751e8b465ee728b)
Start importing Assets/Scripts/TextureScroll.cs using Guid(6e5072950f49a5b46a9db4bf8f2f77a1) Importer(815301076,1909f56bfc062723c751e8b465ee728b)  -> (artifact id: '8586644e4a5b4a1595f424d518665d9d') in 0.021893 seconds
  Import took 0.024710 seconds .

========================================================================
Received Import Request.
  Time since last request: 4.050035 seconds.
  path: Assets/Scripts/patrolExample.cs
  artifactKey: Guid(88c0227975a3f9e47b55e4cb116c918c) Importer(815301076,1909f56bfc062723c751e8b465ee728b)
Start importing Assets/Scripts/patrolExample.cs using Guid(88c0227975a3f9e47b55e4cb116c918c) Importer(815301076,1909f56bfc062723c751e8b465ee728b)  -> (artifact id: 'ce3c0a8440dd6cac75c28f4020ad3d76') in 0.006770 seconds
  Import took 0.009245 seconds .

========================================================================
Received Import Request.
  Time since last request: 33.131653 seconds.
  path: Assets/Scripts/Player.cs
  artifactKey: Guid(21b86b60fdd4066438cd0de1e94c1852) Importer(815301076,1909f56bfc062723c751e8b465ee728b)
Start importing Assets/Scripts/Player.cs using Guid(21b86b60fdd4066438cd0de1e94c1852) Importer(815301076,1909f56bfc062723c751e8b465ee728b)  -> (artifact id: 'ea2a29a0323b99529aa438b947431dd3') in 0.005187 seconds
  Import took 0.008016 seconds .

========================================================================
Received Import Request.
  Time since last request: 2920.817884 seconds.
  path: Assets/Animation/Player 1.controller
  artifactKey: Guid(33ea1a3b94d0b5a4db580cb21d2057a4) Importer(815301076,1909f56bfc062723c751e8b465ee728b)
Start importing Assets/Animation/Player 1.controller using Guid(33ea1a3b94d0b5a4db580cb21d2057a4) Importer(815301076,1909f56bfc062723c751e8b465ee728b)  -> (artifact id: '3f5f4b58447ce99b33ab5d86cd6a86c1') in 0.018895 seconds
  Import took 0.021850 seconds .

========================================================================
Received Prepare
Registering precompiled user dll's ...
Registered in 0.000828 seconds.
Begin MonoManager ReloadAssembly
Native extension for WindowsStandalone target not found
Refreshing native plugins compatible for Editor in 0.41 ms, found 1 plugins.
Preloading 0 native plugins for Editor in 0.00 ms.
Mono: successfully reloaded assembly
- Completed reload, in  0.830 seconds
Platform modules already initialized, skipping
Refreshing native plugins compatible for Editor in 0.47 ms, found 1 plugins.
Preloading 0 native plugins for Editor in 0.00 ms.
Unloading 1953 Unused Serialized files (Serialized files now loaded: 0)
System memory in use before: 91.6 MB.
System memory in use after: 91.6 MB.

Unloading 9 unused Assets to reduce memory usage. Loaded Objects now: 2427.
Total: 5.272500 ms (FindLiveObjects: 0.877300 ms CreateObjectMapping: 0.370000 ms MarkObjects: 3.931100 ms  DeleteObjects: 0.090100 ms)

========================================================================
Received Prepare
Registering precompiled user dll's ...
Registered in 0.003033 seconds.
Begin MonoManager ReloadAssembly
Native extension for WindowsStandalone target not found
Refreshing native plugins compatible for Editor in 0.62 ms, found 1 plugins.
Preloading 0 native plugins for Editor in 0.00 ms.
Mono: successfully reloaded assembly
- Completed reload, in  0.921 seconds
Platform modules already initialized, skipping
Refreshing native plugins compatible for Editor in 0.65 ms, found 1 plugins.
Preloading 0 native plugins for Editor in 0.00 ms.
Unloading 1953 Unused Serialized files (Serialized files now loaded: 0)
System memory in use before: 91.6 MB.
System memory in use after: 91.7 MB.

Unloading 9 unused Assets to reduce memory usage. Loaded Objects now: 2431.
Total: 1.669500 ms (FindLiveObjects: 0.223300 ms CreateObjectMapping: 0.095800 ms MarkObjects: 1.300400 ms  DeleteObjects: 0.048800 ms)

========================================================================
Received Import Request.
  Time since last request: 2120.037601 seconds.
  path: Assets/Scenes/Game.unity
  artifactKey: Guid(2cda990e2423bbf4892e6590ba056729) Importer(815301076,1909f56bfc062723c751e8b465ee728b)
Start importing Assets/Scenes/Game.unity using Guid(2cda990e2423bbf4892e6590ba056729) Importer(815301076,1909f56bfc062723c751e8b465ee728b)  -> (artifact id: '4d32f37a58f4626235eb8fb936b18c25') in 0.015627 seconds
  Import took 0.019807 seconds .

========================================================================
Received Prepare
Registering precompiled user dll's ...
Registered in 0.000808 seconds.
Begin MonoManager ReloadAssembly
Native extension for WindowsStandalone target not found
Refreshing native plugins compatible for Editor in 0.44 ms, found 1 plugins.
Preloading 0 native plugins for Editor in 0.00 ms.
Mono: successfully reloaded assembly
- Completed reload, in  0.762 seconds
Platform modules already initialized, skipping
Refreshing native plugins compatible for Editor in 0.37 ms, found 1 plugins.
Preloading 0 native plugins for Editor in 0.00 ms.
Unloading 1953 Unused Serialized files (Serialized files now loaded: 0)
System memory in use before: 91.6 MB.
System memory in use after: 91.7 MB.

Unloading 9 unused Assets to reduce memory usage. Loaded Objects now: 2435.
Total: 2.022400 ms (FindLiveObjects: 0.237900 ms CreateObjectMapping: 0.103000 ms MarkObjects: 1.591900 ms  DeleteObjects: 0.088800 ms)

========================================================================
Received Import Request.
  Time since last request: 1024.909900 seconds.
  path: Assets/Scripts/MainMenu.cs
  artifactKey: Guid(bd8295cbee3da1244ada37494bcc5617) Importer(815301076,1909f56bfc062723c751e8b465ee728b)
Start importing Assets/Scripts/MainMenu.cs using Guid(bd8295cbee3da1244ada37494bcc5617) Importer(815301076,1909f56bfc062723c751e8b465ee728b)  -> (artifact id: '1001eeb2e51d0bb09394ed007e77c041') in 0.009643 seconds
  Import took 0.012725 seconds .

AssetImportWorkerClient::OnTransportError - code=2 error=End of file
